<?xml version="1.0" encoding="UTF-8"?>
<!-- Generated by org.testng.reporters.JUnitReportReporter -->
<testsuite hostname="DESKTOP-LD2GPJV" failures="0" tests="1" name="Qsp.Printmasgon" time="0.086" errors="0" timestamp="2023-05-27T17:54:27 IST" skipped="0">
  <testcase classname="Qsp.Printmasgon" name="test1" time="0.086"/>
  <system-out/>
</testsuite> <!-- Qsp.Printmasgon -->
