<?xml version="1.0" encoding="UTF-8"?>
<!-- Generated by org.testng.reporters.JUnitReportReporter -->
<testsuite hostname="DESKTOP-LD2GPJV" failures="0" tests="1" name="Qsp.Log4j" time="0.145" errors="0" timestamp="2023-05-27T17:46:13 IST" skipped="0">
  <testcase classname="Qsp.Log4j" name="tc1" time="0.145"/>
  <system-out/>
</testsuite> <!-- Qsp.Log4j -->
