<?xml version="1.0" encoding="UTF-8"?>
<!-- Generated by org.testng.reporters.JUnitReportReporter -->
<testsuite hostname="DESKTOP-LD2GPJV" failures="0" tests="1" name="Qsp.Extent" time="0.469" errors="0" timestamp="2023-05-27T17:28:47 IST" skipped="0">
  <testcase classname="Qsp.Extent" name="tc1" time="0.469"/>
  <system-out/>
</testsuite> <!-- Qsp.Extent -->
